This file contains any messages produced by compilers while
running configure, to aid debugging if configure makes a mistake.

It was created by configure, which was
generated by GNU Autoconf 2.65.  Invocation command line was

  $ ./configure --no-create --no-recursion

## --------- ##
## Platform. ##
## --------- ##

hostname = DARKSTAR
uname -m = i686
uname -r = 2.6.32-37-generic
uname -s = Linux
uname -v = #81-Ubuntu SMP Fri Dec 2 20:35:14 UTC 2011

/usr/bin/uname -p = unknown
/bin/uname -X     = unknown

/bin/arch              = unknown
/usr/bin/arch -k       = unknown
/usr/convex/getsysinfo = unknown
/usr/bin/hostinfo      = unknown
/bin/machine           = unknown
/usr/bin/oslevel       = unknown
/bin/universe          = unknown

PATH: /home/wulff/bin
PATH: /usr/local/sbin
PATH: /usr/local/bin
PATH: /usr/sbin
PATH: /usr/bin
PATH: /sbin
PATH: /bin
PATH: /usr/games


## ----------- ##
## Core tests. ##
## ----------- ##

configure:2395: checking for a BSD-compatible install
configure:2463: result: /usr/bin/install -c
configure:2474: checking whether build environment is sane
configure:2524: result: yes
configure:2665: checking for a thread-safe mkdir -p
configure:2704: result: /bin/mkdir -p
configure:2717: checking for gawk
configure:2733: found /usr/bin/gawk
configure:2744: result: gawk
configure:2755: checking whether make sets $(MAKE)
configure:2777: result: yes
configure:2909: checking for gcc
configure:2925: found /usr/bin/gcc
configure:2936: result: gcc
configure:3165: checking for C compiler version
configure:3174: gcc --version >&5
gcc (Ubuntu 4.4.3-4ubuntu5.1) 4.4.3
Copyright (C) 2009 Free Software Foundation, Inc.
This is free software; see the source for copying conditions.  There is NO
warranty; not even for MERCHANTABILITY or FITNESS FOR A PARTICULAR PURPOSE.

configure:3185: $? = 0
configure:3174: gcc -v >&5
Using built-in specs.
Target: i486-linux-gnu
Configured with: ../src/configure -v --with-pkgversion='Ubuntu 4.4.3-4ubuntu5.1' --with-bugurl=file:///usr/share/doc/gcc-4.4/README.Bugs --enable-languages=c,c++,fortran,objc,obj-c++ --prefix=/usr --enable-shared --enable-multiarch --enable-linker-build-id --with-system-zlib --libexecdir=/usr/lib --without-included-gettext --enable-threads=posix --with-gxx-include-dir=/usr/include/c++/4.4 --program-suffix=-4.4 --enable-nls --enable-clocale=gnu --enable-libstdcxx-debug --enable-plugin --enable-objc-gc --enable-targets=all --disable-werror --with-arch-32=i486 --with-tune=generic --enable-checking=release --build=i486-linux-gnu --host=i486-linux-gnu --target=i486-linux-gnu
Thread model: posix
gcc version 4.4.3 (Ubuntu 4.4.3-4ubuntu5.1) 
configure:3185: $? = 0
configure:3174: gcc -V >&5
gcc: '-V' option must have argument
configure:3185: $? = 1
configure:3174: gcc -qversion >&5
gcc: unrecognized option '-qversion'
gcc: no input files
configure:3185: $? = 1
configure:3205: checking whether the C compiler works
configure:3227: gcc    conftest.c  >&5
configure:3231: $? = 0
configure:3280: result: yes
configure:3283: checking for C compiler default output file name
configure:3285: result: a.out
configure:3291: checking for suffix of executables
configure:3298: gcc -o conftest    conftest.c  >&5
configure:3302: $? = 0
configure:3324: result: 
configure:3346: checking whether we are cross compiling
configure:3354: gcc -o conftest    conftest.c  >&5
configure:3358: $? = 0
configure:3365: ./conftest
configure:3369: $? = 0
configure:3384: result: no
configure:3389: checking for suffix of object files
configure:3411: gcc -c   conftest.c >&5
configure:3415: $? = 0
configure:3436: result: o
configure:3440: checking whether we are using the GNU C compiler
configure:3459: gcc -c   conftest.c >&5
configure:3459: $? = 0
configure:3468: result: yes
configure:3477: checking whether gcc accepts -g
configure:3497: gcc -c -g  conftest.c >&5
configure:3497: $? = 0
configure:3538: result: yes
configure:3555: checking for gcc option to accept ISO C89
configure:3619: gcc  -c -g -O2  conftest.c >&5
configure:3619: $? = 0
configure:3632: result: none needed
configure:3663: checking for style of include used by make
configure:3691: result: GNU
configure:3716: checking dependency style of gcc
configure:3826: result: gcc3
configure:3870: checking build system type
configure:3884: result: i686-pc-linux-gnu
configure:3904: checking host system type
configure:3917: result: i686-pc-linux-gnu
configure:3937: checking for a sed that does not truncate output
configure:4001: result: /bin/sed
configure:4019: checking for grep that handles long lines and -e
configure:4077: result: /bin/grep
configure:4082: checking for egrep
configure:4144: result: /bin/grep -E
configure:4149: checking for fgrep
configure:4211: result: /bin/grep -F
configure:4246: checking for ld used by gcc
configure:4313: result: /usr/bin/ld
configure:4320: checking if the linker (/usr/bin/ld) is GNU ld
configure:4335: result: yes
configure:4347: checking for BSD- or MS-compatible name lister (nm)
configure:4396: result: /usr/bin/nm -B
configure:4514: checking the name lister (/usr/bin/nm -B) interface
configure:4521: gcc -c -g -O2  conftest.c >&5
configure:4524: /usr/bin/nm -B "conftest.o"
configure:4527: output
00000000 B some_variable
configure:4534: result: BSD nm
configure:4537: checking whether ln -s works
configure:4541: result: yes
configure:4549: checking the maximum length of command line arguments
configure:4669: result: 805306365
configure:4686: checking whether the shell understands some XSI constructs
configure:4696: result: yes
configure:4700: checking whether the shell understands "+="
configure:4706: result: yes
configure:4741: checking for /usr/bin/ld option to reload object files
configure:4748: result: -r
configure:4817: checking for objdump
configure:4833: found /usr/bin/objdump
configure:4844: result: objdump
configure:4876: checking how to recognize dependent libraries
configure:5072: result: pass_all
configure:5132: checking for ar
configure:5148: found /usr/bin/ar
configure:5159: result: ar
configure:5237: checking for strip
configure:5253: found /usr/bin/strip
configure:5264: result: strip
configure:5336: checking for ranlib
configure:5352: found /usr/bin/ranlib
configure:5363: result: ranlib
configure:5453: checking command to parse /usr/bin/nm -B output from gcc object
configure:5571: gcc -c -g -O2  conftest.c >&5
configure:5574: $? = 0
configure:5578: /usr/bin/nm -B conftest.o \| sed -n -e 's/^.*[	 ]\([ABCDGIRSTW][ABCDGIRSTW]*\)[	 ][	 ]*\([_A-Za-z][_A-Za-z0-9]*\)$/\1 \2 \2/p' \> conftest.nm
configure:5581: $? = 0
configure:5635: gcc -o conftest -g -O2   conftest.c conftstm.o >&5
configure:5638: $? = 0
configure:5676: result: ok
configure:6485: checking how to run the C preprocessor
configure:6516: gcc -E  conftest.c
configure:6516: $? = 0
configure:6530: gcc -E  conftest.c
conftest.c:11:28: error: ac_nonexistent.h: No such file or directory
configure:6530: $? = 1
configure: failed program was:
| /* confdefs.h */
| #define PACKAGE_NAME ""
| #define PACKAGE_TARNAME ""
| #define PACKAGE_VERSION ""
| #define PACKAGE_STRING ""
| #define PACKAGE_BUGREPORT ""
| #define PACKAGE_URL ""
| #define PACKAGE "libvisca"
| #define VERSION "1.1.0"
| /* end confdefs.h.  */
| #include <ac_nonexistent.h>
configure:6555: result: gcc -E
configure:6575: gcc -E  conftest.c
configure:6575: $? = 0
configure:6589: gcc -E  conftest.c
conftest.c:11:28: error: ac_nonexistent.h: No such file or directory
configure:6589: $? = 1
configure: failed program was:
| /* confdefs.h */
| #define PACKAGE_NAME ""
| #define PACKAGE_TARNAME ""
| #define PACKAGE_VERSION ""
| #define PACKAGE_STRING ""
| #define PACKAGE_BUGREPORT ""
| #define PACKAGE_URL ""
| #define PACKAGE "libvisca"
| #define VERSION "1.1.0"
| /* end confdefs.h.  */
| #include <ac_nonexistent.h>
configure:6618: checking for ANSI C header files
configure:6638: gcc -c -g -O2  conftest.c >&5
configure:6638: $? = 0
configure:6711: gcc -o conftest -g -O2   conftest.c  >&5
configure:6711: $? = 0
configure:6711: ./conftest
configure:6711: $? = 0
configure:6722: result: yes
configure:6735: checking for sys/types.h
configure:6735: gcc -c -g -O2  conftest.c >&5
configure:6735: $? = 0
configure:6735: result: yes
configure:6735: checking for sys/stat.h
configure:6735: gcc -c -g -O2  conftest.c >&5
configure:6735: $? = 0
configure:6735: result: yes
configure:6735: checking for stdlib.h
configure:6735: gcc -c -g -O2  conftest.c >&5
configure:6735: $? = 0
configure:6735: result: yes
configure:6735: checking for string.h
configure:6735: gcc -c -g -O2  conftest.c >&5
configure:6735: $? = 0
configure:6735: result: yes
configure:6735: checking for memory.h
configure:6735: gcc -c -g -O2  conftest.c >&5
configure:6735: $? = 0
configure:6735: result: yes
configure:6735: checking for strings.h
configure:6735: gcc -c -g -O2  conftest.c >&5
configure:6735: $? = 0
configure:6735: result: yes
configure:6735: checking for inttypes.h
configure:6735: gcc -c -g -O2  conftest.c >&5
configure:6735: $? = 0
configure:6735: result: yes
configure:6735: checking for stdint.h
configure:6735: gcc -c -g -O2  conftest.c >&5
configure:6735: $? = 0
configure:6735: result: yes
configure:6735: checking for unistd.h
configure:6735: gcc -c -g -O2  conftest.c >&5
configure:6735: $? = 0
configure:6735: result: yes
configure:6750: checking for dlfcn.h
configure:6750: gcc -c -g -O2  conftest.c >&5
configure:6750: $? = 0
configure:6750: result: yes
configure:6934: checking for objdir
configure:6949: result: .libs
configure:7241: checking if gcc supports -fno-rtti -fno-exceptions
configure:7259: gcc -c -g -O2  -fno-rtti -fno-exceptions conftest.c >&5
cc1: warning: command line option "-fno-rtti" is valid for C++/ObjC++ but not for C
configure:7263: $? = 0
configure:7276: result: no
configure:7296: checking for gcc option to produce PIC
configure:7568: result: -fPIC -DPIC
configure:7580: checking if gcc PIC flag -fPIC -DPIC works
configure:7598: gcc -c -g -O2  -fPIC -DPIC -DPIC conftest.c >&5
configure:7602: $? = 0
configure:7615: result: yes
configure:7639: checking if gcc static flag -static works
configure:7667: result: yes
configure:7682: checking if gcc supports -c -o file.o
configure:7703: gcc -c -g -O2  -o out/conftest2.o conftest.c >&5
configure:7707: $? = 0
configure:7729: result: yes
configure:7737: checking if gcc supports -c -o file.o
configure:7784: result: yes
configure:7817: checking whether the gcc linker (/usr/bin/ld) supports shared libraries
configure:8808: result: yes
configure:8845: checking whether -lc should be explicitly linked in
configure:8850: gcc -c -g -O2  conftest.c >&5
configure:8853: $? = 0
configure:8868: gcc -shared conftest.o  -v -Wl,-soname -Wl,conftest -o conftest 2\>\&1 \| /bin/grep  -lc  \>/dev/null 2\>\&1
configure:8871: $? = 0
configure:8883: result: no
configure:9047: checking dynamic linker characteristics
configure:9480: gcc -o conftest -g -O2   -Wl,-rpath -Wl,/foo conftest.c  >&5
configure:9480: $? = 0
configure:9710: result: GNU/Linux ld.so
configure:9812: checking how to hardcode library paths into programs
configure:9837: result: immediate
configure:10357: checking whether stripping libraries is possible
configure:10362: result: yes
configure:10397: checking if libtool supports shared libraries
configure:10399: result: yes
configure:10402: checking whether to build shared libraries
configure:10423: result: yes
configure:10426: checking whether to build static libraries
configure:10430: result: yes
configure:10466: checking for ANSI C header files
configure:10570: result: yes
configure:10581: checking fcntl.h usability
configure:10581: gcc -c -g -O2  conftest.c >&5
configure:10581: $? = 0
configure:10581: result: yes
configure:10581: checking fcntl.h presence
configure:10581: gcc -E  conftest.c
configure:10581: $? = 0
configure:10581: result: yes
configure:10581: checking for fcntl.h
configure:10581: result: yes
configure:10581: checking sys/ioctl.h usability
configure:10581: gcc -c -g -O2  conftest.c >&5
configure:10581: $? = 0
configure:10581: result: yes
configure:10581: checking sys/ioctl.h presence
configure:10581: gcc -E  conftest.c
configure:10581: $? = 0
configure:10581: result: yes
configure:10581: checking for sys/ioctl.h
configure:10581: result: yes
configure:10581: checking for unistd.h
configure:10581: result: yes
configure:10593: checking for size_t
configure:10593: gcc -c -g -O2  conftest.c >&5
configure:10593: $? = 0
configure:10593: gcc -c -g -O2  conftest.c >&5
conftest.c: In function 'main':
conftest.c:63: error: expected expression before ')' token
configure:10593: $? = 1
configure: failed program was:
| /* confdefs.h */
| #define PACKAGE_NAME ""
| #define PACKAGE_TARNAME ""
| #define PACKAGE_VERSION ""
| #define PACKAGE_STRING ""
| #define PACKAGE_BUGREPORT ""
| #define PACKAGE_URL ""
| #define PACKAGE "libvisca"
| #define VERSION "1.1.0"
| #define STDC_HEADERS 1
| #define HAVE_SYS_TYPES_H 1
| #define HAVE_SYS_STAT_H 1
| #define HAVE_STDLIB_H 1
| #define HAVE_STRING_H 1
| #define HAVE_MEMORY_H 1
| #define HAVE_STRINGS_H 1
| #define HAVE_INTTYPES_H 1
| #define HAVE_STDINT_H 1
| #define HAVE_UNISTD_H 1
| #define HAVE_DLFCN_H 1
| #define LT_OBJDIR ".libs/"
| #define STDC_HEADERS 1
| #define HAVE_FCNTL_H 1
| #define HAVE_SYS_IOCTL_H 1
| #define HAVE_UNISTD_H 1
| /* end confdefs.h.  */
| #include <stdio.h>
| #ifdef HAVE_SYS_TYPES_H
| # include <sys/types.h>
| #endif
| #ifdef HAVE_SYS_STAT_H
| # include <sys/stat.h>
| #endif
| #ifdef STDC_HEADERS
| # include <stdlib.h>
| # include <stddef.h>
| #else
| # ifdef HAVE_STDLIB_H
| #  include <stdlib.h>
| # endif
| #endif
| #ifdef HAVE_STRING_H
| # if !defined STDC_HEADERS && defined HAVE_MEMORY_H
| #  include <memory.h>
| # endif
| # include <string.h>
| #endif
| #ifdef HAVE_STRINGS_H
| # include <strings.h>
| #endif
| #ifdef HAVE_INTTYPES_H
| # include <inttypes.h>
| #endif
| #ifdef HAVE_STDINT_H
| # include <stdint.h>
| #endif
| #ifdef HAVE_UNISTD_H
| # include <unistd.h>
| #endif
| int
| main ()
| {
| if (sizeof ((size_t)))
| 	    return 0;
|   ;
|   return 0;
| }
configure:10593: result: yes
configure:10611: checking for stdlib.h
configure:10611: result: yes
configure:10611: checking for unistd.h
configure:10611: result: yes
configure:10611: checking for sys/param.h
configure:10611: gcc -c -g -O2  conftest.c >&5
configure:10611: $? = 0
configure:10611: result: yes
configure:10632: checking for getpagesize
configure:10632: gcc -o conftest -g -O2   conftest.c  >&5
configure:10632: $? = 0
configure:10632: result: yes
configure:10641: checking for working mmap
configure:10788: gcc -o conftest -g -O2   conftest.c  >&5
configure:10788: $? = 0
configure:10788: ./conftest
configure:10788: $? = 0
configure:10798: result: yes
configure:10941: creating ./config.status

## ---------------- ##
## Cache variables. ##
## ---------------- ##

ac_cv_build=i686-pc-linux-gnu
ac_cv_c_compiler_gnu=yes
ac_cv_env_CC_set=
ac_cv_env_CC_value=
ac_cv_env_CFLAGS_set=
ac_cv_env_CFLAGS_value=
ac_cv_env_CPPFLAGS_set=
ac_cv_env_CPPFLAGS_value=
ac_cv_env_CPP_set=
ac_cv_env_CPP_value=
ac_cv_env_LDFLAGS_set=
ac_cv_env_LDFLAGS_value=
ac_cv_env_LIBS_set=
ac_cv_env_LIBS_value=
ac_cv_env_build_alias_set=
ac_cv_env_build_alias_value=
ac_cv_env_host_alias_set=
ac_cv_env_host_alias_value=
ac_cv_env_target_alias_set=
ac_cv_env_target_alias_value=
ac_cv_func_getpagesize=yes
ac_cv_func_mmap_fixed_mapped=yes
ac_cv_header_dlfcn_h=yes
ac_cv_header_fcntl_h=yes
ac_cv_header_inttypes_h=yes
ac_cv_header_memory_h=yes
ac_cv_header_stdc=yes
ac_cv_header_stdint_h=yes
ac_cv_header_stdlib_h=yes
ac_cv_header_string_h=yes
ac_cv_header_strings_h=yes
ac_cv_header_sys_ioctl_h=yes
ac_cv_header_sys_param_h=yes
ac_cv_header_sys_stat_h=yes
ac_cv_header_sys_types_h=yes
ac_cv_header_unistd_h=yes
ac_cv_host=i686-pc-linux-gnu
ac_cv_objext=o
ac_cv_path_EGREP='/bin/grep -E'
ac_cv_path_FGREP='/bin/grep -F'
ac_cv_path_GREP=/bin/grep
ac_cv_path_SED=/bin/sed
ac_cv_path_install='/usr/bin/install -c'
ac_cv_path_mkdir=/bin/mkdir
ac_cv_prog_AWK=gawk
ac_cv_prog_CPP='gcc -E'
ac_cv_prog_ac_ct_AR=ar
ac_cv_prog_ac_ct_CC=gcc
ac_cv_prog_ac_ct_OBJDUMP=objdump
ac_cv_prog_ac_ct_RANLIB=ranlib
ac_cv_prog_ac_ct_STRIP=strip
ac_cv_prog_cc_c89=
ac_cv_prog_cc_g=yes
ac_cv_prog_make_make_set=yes
ac_cv_type_size_t=yes
am_cv_CC_dependencies_compiler_type=gcc3
lt_cv_deplibs_check_method=pass_all
lt_cv_file_magic_cmd='$MAGIC_CMD'
lt_cv_file_magic_test_file=
lt_cv_ld_reload_flag=-r
lt_cv_nm_interface='BSD nm'
lt_cv_objdir=.libs
lt_cv_path_LD=/usr/bin/ld
lt_cv_path_NM='/usr/bin/nm -B'
lt_cv_prog_compiler_c_o=yes
lt_cv_prog_compiler_pic_works=yes
lt_cv_prog_compiler_rtti_exceptions=no
lt_cv_prog_compiler_static_works=yes
lt_cv_prog_gnu_ld=yes
lt_cv_sys_global_symbol_pipe='sed -n -e '\''s/^.*[	 ]\([ABCDGIRSTW][ABCDGIRSTW]*\)[	 ][	 ]*\([_A-Za-z][_A-Za-z0-9]*\)$/\1 \2 \2/p'\'''
lt_cv_sys_global_symbol_to_c_name_address='sed -n -e '\''s/^: \([^ ]*\) $/  {\"\1\", (void *) 0},/p'\'' -e '\''s/^[ABCDGIRSTW]* \([^ ]*\) \([^ ]*\)$/  {"\2", (void *) \&\2},/p'\'''
lt_cv_sys_global_symbol_to_c_name_address_lib_prefix='sed -n -e '\''s/^: \([^ ]*\) $/  {\"\1\", (void *) 0},/p'\'' -e '\''s/^[ABCDGIRSTW]* \([^ ]*\) \(lib[^ ]*\)$/  {"\2", (void *) \&\2},/p'\'' -e '\''s/^[ABCDGIRSTW]* \([^ ]*\) \([^ ]*\)$/  {"lib\2", (void *) \&\2},/p'\'''
lt_cv_sys_global_symbol_to_cdecl='sed -n -e '\''s/^T .* \(.*\)$/extern int \1();/p'\'' -e '\''s/^[ABCDGIRSTW]* .* \(.*\)$/extern char \1;/p'\'''
lt_cv_sys_max_cmd_len=805306365

## ----------------- ##
## Output variables. ##
## ----------------- ##

ACLOCAL='${SHELL} /home/wulff/ls/LECTURESIGHT/trunk/src/modules/lecturesight-ptzcontrol-visca/lib/libvisca-1.1.0/missing --run aclocal-1.11'
AMDEPBACKSLASH='\'
AMDEP_FALSE='#'
AMDEP_TRUE=''
AMTAR='${SHELL} /home/wulff/ls/LECTURESIGHT/trunk/src/modules/lecturesight-ptzcontrol-visca/lib/libvisca-1.1.0/missing --run tar'
AR='ar'
AUTOCONF='${SHELL} /home/wulff/ls/LECTURESIGHT/trunk/src/modules/lecturesight-ptzcontrol-visca/lib/libvisca-1.1.0/missing --run autoconf'
AUTOHEADER='${SHELL} /home/wulff/ls/LECTURESIGHT/trunk/src/modules/lecturesight-ptzcontrol-visca/lib/libvisca-1.1.0/missing --run autoheader'
AUTOMAKE='${SHELL} /home/wulff/ls/LECTURESIGHT/trunk/src/modules/lecturesight-ptzcontrol-visca/lib/libvisca-1.1.0/missing --run automake-1.11'
AWK='gawk'
CC='gcc'
CCDEPMODE='depmode=gcc3'
CFLAGS='-g -O2 -Wall -Wunused'
CPP='gcc -E'
CPPFLAGS=''
CYGPATH_W='echo'
DEFS='-DHAVE_CONFIG_H'
DEPDIR='.deps'
DSYMUTIL=''
DUMPBIN=''
ECHO_C=''
ECHO_N='-n'
ECHO_T=''
EGREP='/bin/grep -E'
EXEEXT=''
FGREP='/bin/grep -F'
GREP='/bin/grep'
INSTALL_DATA='${INSTALL} -m 644'
INSTALL_PROGRAM='${INSTALL}'
INSTALL_SCRIPT='${INSTALL}'
INSTALL_STRIP_PROGRAM='$(install_sh) -c -s'
LD='/usr/bin/ld'
LDFLAGS=''
LIBOBJS=''
LIBS=''
LIBTOOL='$(SHELL) $(top_builddir)/libtool'
LIPO=''
LN_S='ln -s'
LTLIBOBJS=''
MAKEINFO='${SHELL} /home/wulff/ls/LECTURESIGHT/trunk/src/modules/lecturesight-ptzcontrol-visca/lib/libvisca-1.1.0/missing --run makeinfo'
MKDIR_P='/bin/mkdir -p'
NM='/usr/bin/nm -B'
NMEDIT=''
OBJDUMP='objdump'
OBJEXT='o'
OTOOL64=''
OTOOL=''
PACKAGE='libvisca'
PACKAGE_BUGREPORT=''
PACKAGE_NAME=''
PACKAGE_STRING=''
PACKAGE_TARNAME=''
PACKAGE_URL=''
PACKAGE_VERSION=''
PATH_SEPARATOR=':'
RANLIB='ranlib'
SED='/bin/sed'
SET_MAKE=''
SHELL='/bin/bash'
STRIP='strip'
VERSION='1.1.0'
ac_ct_CC='gcc'
ac_ct_DUMPBIN=''
am__EXEEXT_FALSE=''
am__EXEEXT_TRUE='#'
am__fastdepCC_FALSE='#'
am__fastdepCC_TRUE=''
am__include='include'
am__isrc=''
am__leading_dot='.'
am__quote=''
am__tar='${AMTAR} chof - "$$tardir"'
am__untar='${AMTAR} xf -'
bindir='${exec_prefix}/bin'
build='i686-pc-linux-gnu'
build_alias=''
build_cpu='i686'
build_os='linux-gnu'
build_vendor='pc'
datadir='${datarootdir}'
datarootdir='${prefix}/share'
docdir='${datarootdir}/doc/${PACKAGE}'
dvidir='${docdir}'
exec_prefix='${prefix}'
host='i686-pc-linux-gnu'
host_alias=''
host_cpu='i686'
host_os='linux-gnu'
host_vendor='pc'
htmldir='${docdir}'
includedir='${prefix}/include'
infodir='${datarootdir}/info'
install_sh='${SHELL} /home/wulff/ls/LECTURESIGHT/trunk/src/modules/lecturesight-ptzcontrol-visca/lib/libvisca-1.1.0/install-sh'
libdir='${exec_prefix}/lib'
libexecdir='${exec_prefix}/libexec'
localedir='${datarootdir}/locale'
localstatedir='${prefix}/var'
lt_ECHO='echo'
lt_age='0'
lt_major='3'
lt_revision='0'
mandir='${datarootdir}/man'
mkdir_p='/bin/mkdir -p'
oldincludedir='/usr/include'
pdfdir='${docdir}'
pkgincludedir='$(includedir)/visca'
prefix='/usr/local'
program_transform_name='s,x,x,'
psdir='${docdir}'
sbindir='${exec_prefix}/sbin'
sharedstatedir='${prefix}/com'
sysconfdir='${prefix}/etc'
target_alias=''

## ----------- ##
## confdefs.h. ##
## ----------- ##

/* confdefs.h */
#define PACKAGE_NAME ""
#define PACKAGE_TARNAME ""
#define PACKAGE_VERSION ""
#define PACKAGE_STRING ""
#define PACKAGE_BUGREPORT ""
#define PACKAGE_URL ""
#define PACKAGE "libvisca"
#define VERSION "1.1.0"
#define STDC_HEADERS 1
#define HAVE_SYS_TYPES_H 1
#define HAVE_SYS_STAT_H 1
#define HAVE_STDLIB_H 1
#define HAVE_STRING_H 1
#define HAVE_MEMORY_H 1
#define HAVE_STRINGS_H 1
#define HAVE_INTTYPES_H 1
#define HAVE_STDINT_H 1
#define HAVE_UNISTD_H 1
#define HAVE_DLFCN_H 1
#define LT_OBJDIR ".libs/"
#define STDC_HEADERS 1
#define HAVE_FCNTL_H 1
#define HAVE_SYS_IOCTL_H 1
#define HAVE_UNISTD_H 1
#define HAVE_STDLIB_H 1
#define HAVE_UNISTD_H 1
#define HAVE_SYS_PARAM_H 1
#define HAVE_GETPAGESIZE 1
#define HAVE_MMAP 1

configure: exit 0

## ---------------------- ##
## Running config.status. ##
## ---------------------- ##

This file was extended by config.status, which was
generated by GNU Autoconf 2.65.  Invocation command line was

  CONFIG_FILES    = 
  CONFIG_HEADERS  = 
  CONFIG_LINKS    = 
  CONFIG_COMMANDS = 
  $ ./config.status 

on DARKSTAR

config.status:1078: creating Makefile
config.status:1078: creating visca/Makefile
config.status:1078: creating examples/Makefile
config.status:1078: creating VC2005/Makefile
config.status:1078: creating config.h
config.status:1250: config.h is unchanged
config.status:1298: executing depfiles commands
config.status:1298: executing libtool commands

## ---------------------- ##
## Running config.status. ##
## ---------------------- ##

This file was extended by config.status, which was
generated by GNU Autoconf 2.65.  Invocation command line was

  CONFIG_FILES    = 
  CONFIG_HEADERS  = 
  CONFIG_LINKS    = 
  CONFIG_COMMANDS = 
  $ ./config.status 

on DARKSPARK

config.status:1078: creating Makefile
config.status:1078: creating visca/Makefile
config.status:1078: creating examples/Makefile
config.status:1078: creating VC2005/Makefile
config.status:1078: creating config.h
config.status:1250: config.h is unchanged
config.status:1298: executing depfiles commands
config.status:1298: executing libtool commands
